<?xml version="1.0" encoding="UTF-8"?>
<!-- Generated by org.testng.reporters.JUnitReportReporter -->
<testsuite hostname="INWPF28DZ9V-AAD" failures="0" tests="2" name="driverRunner.testRunner" time="80.678" errors="0" timestamp="2021-06-12T04:22:45 IST" skipped="0">
  <testcase classname="driverRunner.testRunner" name="runScenario" time="46.393"/>
  <system-out/>
  <testcase classname="driverRunner.testRunner" name="runScenario" time="34.285"/>
  <system-out/>
</testsuite> <!-- driverRunner.testRunner -->
